2025-08-03 12:03:32 => DEBUG => adding 1 + 2 = 3
2025-08-03 12:03:32 => DEBUG => substract 2 - 1 = 1
2025-08-03 12:03:32 => DEBUG => multpling  2 * 2 = 4
2025-08-03 12:03:32 => ERROR => this is a ZeroDivisionError
2025-08-03 12:03:32 => DEBUG => adding 12 + 12 = 24
2025-08-03 12:08:02 => DEBUG => adding 1 + 2 = 3
2025-08-03 12:08:02 => DEBUG => substract 2 - 1 = 1
2025-08-03 12:08:02 => DEBUG => multpling  2 * 2 = 4
2025-08-03 12:08:02 => ERROR => this is a ZeroDivisionError
2025-08-03 12:08:02 => DEBUG => adding 12 + 12 = 24
2025-08-03 12:08:10 => DEBUG => adding 1 + 2 = 3
2025-08-03 12:08:10 => DEBUG => substract 2 - 1 = 1
2025-08-03 12:08:10 => DEBUG => multpling  2 * 2 = 4
2025-08-03 12:08:10 => ERROR => this is a ZeroDivisionError
2025-08-03 12:08:10 => DEBUG => adding 12 + 12 = 24
2025-08-03 12:08:30 => DEBUG => adding 1 + 2 = 3
2025-08-03 12:08:30 => DEBUG => substract 2 - 1 = 1
2025-08-03 12:08:30 => DEBUG => multpling  2 * 2 = 4
2025-08-03 12:08:34 => DEBUG => adding 1 + 2 = 3
2025-08-03 12:08:34 => DEBUG => substract 2 - 1 = 1
2025-08-03 12:08:34 => DEBUG => multpling  2 * 2 = 4
2025-08-03 12:08:34 => DEBUG => Dividing\ 3 / 5 = 0.6
2025-08-03 12:08:34 => DEBUG => adding 12 + 12 = 24
